0 info it worked if it ends with ok
1 verbose cli [ 'C:\\Program Files\\nodejs\\node.exe',
1 verbose cli   'C:\\Program Files\\nodejs\\node_modules\\npm\\bin\\npm-cli.js',
1 verbose cli   'run',
1 verbose cli   'tsc:w' ]
2 info using npm@3.10.10
3 info using node@v6.9.3
4 verbose run-script [ 'pretsc:w', 'tsc:w', 'posttsc:w' ]
5 info lifecycle ng2-fundamentals-demo@1.0.0~pretsc:w: ng2-fundamentals-demo@1.0.0
6 silly lifecycle ng2-fundamentals-demo@1.0.0~pretsc:w: no script for pretsc:w, continuing
7 info lifecycle ng2-fundamentals-demo@1.0.0~tsc:w: ng2-fundamentals-demo@1.0.0
8 verbose lifecycle ng2-fundamentals-demo@1.0.0~tsc:w: unsafe-perm in lifecycle true
9 verbose lifecycle ng2-fundamentals-demo@1.0.0~tsc:w: PATH: C:\Program Files\nodejs\node_modules\npm\bin\node-gyp-bin;C:\juliusb\Angular2-Fundamentals\ng2-fundamentals\node_modules\.bin;C:\Program Files\nodejs\node_modules\npm\bin\node-gyp-bin;C:\juliusb\Angular2-Fundamentals\ng2-fundamentals\node_modules\.bin;C:\Users\Juliusb\bin;C:\Users\Juliusb\AppData\Local\Programs\Git\mingw64\bin;C:\Users\Juliusb\AppData\Local\Programs\Git\usr\local\bin;C:\Users\Juliusb\AppData\Local\Programs\Git\usr\bin;C:\Users\Juliusb\AppData\Local\Programs\Git\usr\bin;C:\Users\Juliusb\AppData\Local\Programs\Git\mingw64\bin;C:\Users\Juliusb\AppData\Local\Programs\Git\usr\bin;C:\Users\Juliusb\bin;C:\Program Files\MySQL\MySQL Server 5.7\bin;C:\ProgramData\Oracle\Java\javapath;C:\Program Files (x86)\NVIDIA Corporation\PhysX\Common;C:\WINDOWS\system32;C:\WINDOWS;C:\WINDOWS\System32\Wbem;C:\WINDOWS\System32\WindowsPowerShell\v1.0;C:\Program Files\Microsoft SQL Server\130\Tools\Binn;C:\Program Files\nodejs;C:\Program Files\Microsoft SQL Server\Client SDK\ODBC\130\Tools\Binn;C:\Program Files (x86)\Microsoft SQL Server\130\Tools\Binn;C:\Program Files\Microsoft SQL Server\130\DTS\Binn;C:\Program Files (x86)\Microsoft SQL Server\Client SDK\ODBC\130\Tools\Binn;C:\Program Files (x86)\Microsoft SQL Server\130\DTS\Binn;C:\Program Files (x86)\Microsoft SQL Server\130\Tools\Binn\ManagementStudio;C:\Program Files (x86)\Windows Kits\10\Windows Performance Toolkit;C:\Program Files\Anaconda3;C:\Program Files\Anaconda3\Scripts;C:\juliusb\ngrok;C:\xampp\php;C:\Program Files (x86)\Microsoft VS Code;C:\Program Files (x86)\Skype\Phone;C:\Program Files\dotnet;C:\Program Files (x86)\Microsoft SQL Server\110\DTS\Binn;C:\Program Files (x86)\Microsoft SQL Server\120\DTS\Binn;C:\Users\Juliusb\AppData\Local\Programs\Git\cmd;C:\ProgramData\ComposerSetup\bin;C:\Users\Juliusb\AppData\Roaming\npm\node_modules\@angular\cli\bin;C:\Users\Juliusb\AppData\Roaming\npm;C:\Program Files\MySQL\MySQL Utilities 1.6;C:\Windows\system32;C:\Windows;C:\Windows\System32\Wbem;C:\Windows\System32\WindowsPowerShell\v1.0;C:\Program Files (x86)\Microsoft VS Code\bin;C:\Users\Juliusb\AppData\Roaming\Composer\vendor\bin;C:\Users\Juliusb\AppData\Local\Programs\Git\usr\bin\vendor_perl;C:\Users\Juliusb\AppData\Local\Programs\Git\usr\bin\core_perl
10 verbose lifecycle ng2-fundamentals-demo@1.0.0~tsc:w: CWD: C:\juliusb\Angular2-Fundamentals\ng2-fundamentals
11 silly lifecycle ng2-fundamentals-demo@1.0.0~tsc:w: Args: [ '/d /s /c', 'tsc -w' ]
12 silly lifecycle ng2-fundamentals-demo@1.0.0~tsc:w: Returned: code: 1  signal: null
13 info lifecycle ng2-fundamentals-demo@1.0.0~tsc:w: Failed to exec tsc:w script
14 verbose stack Error: ng2-fundamentals-demo@1.0.0 tsc:w: `tsc -w`
14 verbose stack Exit status 1
14 verbose stack     at EventEmitter.<anonymous> (C:\Program Files\nodejs\node_modules\npm\lib\utils\lifecycle.js:255:16)
14 verbose stack     at emitTwo (events.js:106:13)
14 verbose stack     at EventEmitter.emit (events.js:191:7)
14 verbose stack     at ChildProcess.<anonymous> (C:\Program Files\nodejs\node_modules\npm\lib\utils\spawn.js:40:14)
14 verbose stack     at emitTwo (events.js:106:13)
14 verbose stack     at ChildProcess.emit (events.js:191:7)
14 verbose stack     at maybeClose (internal/child_process.js:877:16)
14 verbose stack     at Process.ChildProcess._handle.onexit (internal/child_process.js:226:5)
15 verbose pkgid ng2-fundamentals-demo@1.0.0
16 verbose cwd C:\juliusb\Angular2-Fundamentals\ng2-fundamentals
17 error Windows_NT 10.0.14393
18 error argv "C:\\Program Files\\nodejs\\node.exe" "C:\\Program Files\\nodejs\\node_modules\\npm\\bin\\npm-cli.js" "run" "tsc:w"
19 error node v6.9.3
20 error npm  v3.10.10
21 error code ELIFECYCLE
22 error ng2-fundamentals-demo@1.0.0 tsc:w: `tsc -w`
22 error Exit status 1
23 error Failed at the ng2-fundamentals-demo@1.0.0 tsc:w script 'tsc -w'.
23 error Make sure you have the latest version of node.js and npm installed.
23 error If you do, this is most likely a problem with the ng2-fundamentals-demo package,
23 error not with npm itself.
23 error Tell the author that this fails on your system:
23 error     tsc -w
23 error You can get information on how to open an issue for this project with:
23 error     npm bugs ng2-fundamentals-demo
23 error Or if that isn't available, you can get their info via:
23 error     npm owner ls ng2-fundamentals-demo
23 error There is likely additional logging output above.
24 verbose exit [ 1, true ]
